<?xml version="1.0" encoding="UTF-8"?>
<testsuite xmlns:xsi="http://www.w3.org/2001/XMLSchema-instance" xsi:noNamespaceSchemaLocation="https://maven.apache.org/surefire/maven-surefire-plugin/xsd/surefire-test-report-3.0.xsd" version="3.0" name="com.example.lucidity.LucidityApplicationTests" time="1.926" tests="1" errors="0" skipped="0" failures="0">
  <properties>
[...]
</properties>
  <testcase name="contextLoads" classname="com.example.lucidity.LucidityApplicationTests" time="0.821">
    <system-out><![CDATA[20:02:47.430 [main] INFO org.springframework.test.context.support.AnnotationConfigContextLoaderUtils -- Could not detect default configuration classes for test class [com.example.lucidity.LucidityApplicationTests]: LucidityApplicationTests does not declare any static, non-private, non-final, nested classes annotated with @Configuration.
20:02:47.525 [main] INFO org.springframework.boot.test.context.SpringBootTestContextBootstrapper -- Found @SpringBootConfiguration com.example.lucidity.LucidityApplication for test class com.example.lucidity.LucidityApplicationTests
20:02:47.641 [main] INFO org.springframework.boot.devtools.restart.RestartApplicationListener -- Restart disabled due to context in which it is running

  .   ____          _            __ _ _
 /\\ / ___'_ __ _ _(_)_ __  __ _ \ \ \ \
( ( )\___ | '_ | '_| | '_ \/ _` | \ \ \ \
 \\/  ___)| |_)| | | | | || (_| |  ) ) ) )
  '  |____| .__|_| |_|_| |_\__, | / / / /
 =========|_|==============|___/=/_/_/_/
 :: Spring Boot ::                (v3.2.1)

2024-01-12T20:02:47.844+05:30  INFO 31580 --- [           main] c.e.lucidity.LucidityApplicationTests    : Starting LucidityApplicationTests using Java 17.0.1 with PID 31580 (started by prafultondomker in /Users/prafultondomker/Desktop/learn/lucidity)
2024-01-12T20:02:47.846+05:30  INFO 31580 --- [           main] c.e.lucidity.LucidityApplicationTests    : No active profile set, falling back to 1 default profile: "default"
2024-01-12T20:02:48.376+05:30  INFO 31580 --- [           main] c.e.lucidity.LucidityApplicationTests    : Started LucidityApplicationTests in 0.745 seconds (process running for 1.537)
]]></system-out>
  </testcase>
</testsuite>